<?xml version="1.0" encoding="UTF-8"?>
<!-- Generated by org.testng.reporters.JUnitXMLReporter -->
<testsuite hostname="LAPTOP-3M5A5R3N" ignored="1" name="Default test" tests="6" failures="0" timestamp="22 Feb 2019 02:58:19 GMT" time="15.675" errors="0">
  <testcase name="verifySuccessfulLogin" time="2.592" classname="app.pp.HomepageTest"/>
  <testcase name="isInviteuserButtonseen" time="0.091" classname="app.pp.HomepageTest"/>
  <testcase name="isMenubuttonClicked" time="0.176" classname="app.pp.HomepageTest"/>
  <testcase name="isHelpbuttonDisplayed" time="0.033" classname="app.pp.HomepageTest"/>
  <testcase name="isSettingimageButtonDisplayed" time="3.24" classname="app.pp.HomepageTest"/>
  <testcase name="isPinbuttonDisplayed" time="0.048" classname="app.pp.HomepageTest"/>
  <testcase name="verifyText" time="0.0" classname="app.pp.HomepageTest">
    <ignored/>
  </testcase> <!-- verifyText -->
</testsuite> <!-- Default test -->
