<?xml version="1.0" encoding="UTF-8"?>
<testng-results skipped="0" failed="0" ignored="1" total="7" passed="6">
  <reporter-output>
  </reporter-output>
  <suite name="Default suite" duration-ms="15675" started-at="2019-02-22T02:58:03Z" finished-at="2019-02-22T02:58:19Z">
    <groups>
    </groups>
    <test name="Default test" duration-ms="15675" started-at="2019-02-22T02:58:03Z" finished-at="2019-02-22T02:58:19Z">
      <class name="app.pp.HomepageTest">
        <test-method status="PASS" signature="setUp()[pri:0, instance:app.pp.HomepageTest@78047b92]" name="setUp" is-config="true" duration-ms="6969" started-at="2019-02-22T02:58:03Z" finished-at="2019-02-22T02:58:10Z">
          <reporter-output>
          </reporter-output>
        </test-method> <!-- setUp -->
        <test-method status="PASS" signature="verifySuccessfulLogin()[pri:1, instance:app.pp.HomepageTest@78047b92]" name="verifySuccessfulLogin" duration-ms="2592" started-at="2019-02-22T02:58:10Z" finished-at="2019-02-22T02:58:13Z">
          <reporter-output>
          </reporter-output>
        </test-method> <!-- verifySuccessfulLogin -->
        <test-method status="PASS" signature="isInviteuserButtonseen()[pri:2, instance:app.pp.HomepageTest@78047b92]" name="isInviteuserButtonseen" duration-ms="91" started-at="2019-02-22T02:58:13Z" finished-at="2019-02-22T02:58:13Z">
          <reporter-output>
          </reporter-output>
        </test-method> <!-- isInviteuserButtonseen -->
        <test-method status="PASS" signature="isMenubuttonClicked()[pri:3, instance:app.pp.HomepageTest@78047b92]" name="isMenubuttonClicked" duration-ms="176" started-at="2019-02-22T02:58:13Z" finished-at="2019-02-22T02:58:13Z">
          <reporter-output>
          </reporter-output>
        </test-method> <!-- isMenubuttonClicked -->
        <test-method status="PASS" signature="isHelpbuttonDisplayed()[pri:4, instance:app.pp.HomepageTest@78047b92]" name="isHelpbuttonDisplayed" duration-ms="33" started-at="2019-02-22T02:58:13Z" finished-at="2019-02-22T02:58:14Z">
          <reporter-output>
          </reporter-output>
        </test-method> <!-- isHelpbuttonDisplayed -->
        <test-method status="PASS" signature="isSettingimageButtonDisplayed()[pri:5, instance:app.pp.HomepageTest@78047b92]" name="isSettingimageButtonDisplayed" duration-ms="3240" started-at="2019-02-22T02:58:14Z" finished-at="2019-02-22T02:58:17Z">
          <reporter-output>
          </reporter-output>
        </test-method> <!-- isSettingimageButtonDisplayed -->
        <test-method status="PASS" signature="isPinbuttonDisplayed()[pri:6, instance:app.pp.HomepageTest@78047b92]" name="isPinbuttonDisplayed" duration-ms="48" started-at="2019-02-22T02:58:17Z" finished-at="2019-02-22T02:58:17Z">
          <reporter-output>
          </reporter-output>
        </test-method> <!-- isPinbuttonDisplayed -->
        <test-method status="PASS" signature="shutDownPage()[pri:0, instance:app.pp.HomepageTest@78047b92]" name="shutDownPage" is-config="true" duration-ms="2318" started-at="2019-02-22T02:58:17Z" finished-at="2019-02-22T02:58:19Z">
          <reporter-output>
          </reporter-output>
        </test-method> <!-- shutDownPage -->
      </class> <!-- app.pp.HomepageTest -->
    </test> <!-- Default test -->
  </suite> <!-- Default suite -->
</testng-results>
